2024-04-15 22:59:24,527 - INFO - 
Service path: C://Users//Daniel.Brown//Desktop//PreferredPartnerDB//chromedriver-win64//chromedriver.exe
Options: <selenium.webdriver.chrome.options.Options object at 0x0000024C5A40A570>
2024-04-15 22:59:32,647 - INFO - self.last_known_index (links)= 0
2024-04-15 22:59:33,244 - INFO - self.last_known_index = 0
2024-04-15 22:59:33,256 - INFO - Length of names: 20
2024-04-15 22:59:33,256 - INFO - Last known index: 0
2024-04-15 22:59:33,256 - INFO - Length of new elements: 20
2024-04-15 22:59:33,371 - INFO - Total links fetched: 20
2024-04-15 22:59:33,371 - INFO - Total names fetched: 20
2024-04-15 22:59:40,115 - INFO - self.last_known_index (links)= 59
2024-04-15 22:59:40,255 - INFO - self.last_known_index = 20
2024-04-15 22:59:40,267 - INFO - Length of names: 30
2024-04-15 22:59:40,267 - INFO - Last known index: 20
2024-04-15 22:59:40,267 - INFO - Length of new elements: 10
2024-04-15 22:59:40,325 - INFO - Total links fetched: 26
2024-04-15 22:59:40,326 - INFO - Total names fetched: 30
2024-04-15 22:59:46,977 - INFO - self.last_known_index (links)= 69
2024-04-15 22:59:47,121 - INFO - self.last_known_index = 30
2024-04-15 22:59:47,135 - INFO - Length of names: 40
2024-04-15 22:59:47,135 - INFO - Last known index: 30
2024-04-15 22:59:47,135 - INFO - Length of new elements: 10
2024-04-15 22:59:47,193 - INFO - Total links fetched: 32
2024-04-15 22:59:47,193 - INFO - Total names fetched: 40
2024-04-15 22:59:53,942 - INFO - self.last_known_index (links)= 79
2024-04-15 22:59:54,085 - INFO - self.last_known_index = 40
2024-04-15 22:59:54,099 - INFO - Length of names: 50
2024-04-15 22:59:54,099 - INFO - Last known index: 40
2024-04-15 22:59:54,099 - INFO - Length of new elements: 10
2024-04-15 22:59:54,161 - INFO - Total links fetched: 38
2024-04-15 22:59:54,161 - INFO - Total names fetched: 50
2024-04-15 23:00:00,208 - INFO - self.last_known_index (links)= 89
2024-04-15 23:00:00,359 - INFO - self.last_known_index = 50
2024-04-15 23:00:00,373 - INFO - Length of names: 60
2024-04-15 23:00:00,373 - INFO - Last known index: 50
2024-04-15 23:00:00,375 - INFO - Length of new elements: 10
2024-04-15 23:00:00,467 - INFO - Total links fetched: 44
2024-04-15 23:00:00,467 - INFO - Total names fetched: 60
2024-04-15 23:00:07,263 - INFO - self.last_known_index (links)= 99
2024-04-15 23:00:07,619 - INFO - self.last_known_index = 60
2024-04-15 23:00:07,634 - INFO - Length of names: 69
2024-04-15 23:00:07,634 - INFO - Last known index: 60
2024-04-15 23:00:07,635 - INFO - Length of new elements: 9
2024-04-15 23:00:07,690 - INFO - Total links fetched: 59
2024-04-15 23:00:07,690 - INFO - Total names fetched: 69
